# JRE version: OpenJDK Runtime Environment Temurin-21.0.9+10 (21.0.9+10) (build 21.0.9+10-LTS)
# Java VM: OpenJDK 64-Bit Server VM Temurin-21.0.9+10 (21.0.9+10-LTS, mixed mode, sharing, tiered, compressed oops, compressed class ptrs, parallel gc, windows-amd64)
GC Precious Log:
 CardTable entry size: 512
 CPUs: 12 total, 12 available
 Memory: 7519M
 Large Page Support: Disabled
 NUMA Support: Disabled
 Compressed Oops: Enabled (32-bit)
 Alignments: Space 512K, Generation 512K, Heap 2M
 Heap Min Capacity: 100M
 Heap Initial Capacity: 100M
 Heap Max Capacity: 2G
 Pre-touch: Disabled
 Parallel Workers: 10
Heap:
 PSYoungGen      total 11264K, used 8902K [0x00000000d5580000, 0x00000000d6480000, 0x0000000100000000)
  eden space 9216K, 95% used [0x00000000d5580000,0x00000000d5e11bd0,0x00000000d5e80000)
  from space 2048K, 6% used [0x00000000d6080000,0x00000000d60a0000,0x00000000d6280000)
  to   space 512K, 0% used [0x00000000d6400000,0x00000000d6400000,0x00000000d6480000)
 ParOldGen       total 1038848K, used 1038406K [0x0000000080000000, 0x00000000bf680000, 0x00000000d5580000)
  object space 1038848K, 99% used [0x0000000080000000,0x00000000bf6119e8,0x00000000bf680000)
 Metaspace       used 91693K, committed 93504K, reserved 1179648K
  class space    used 9227K, committed 10048K, reserved 1048576K
GC Heap History (20 events):
Event: 2233.607 GC heap before
{Heap before GC invocations=3899 (full 6):
 PSYoungGen      total 9728K, used 9696K [0x00000000d5580000, 0x00000000d6280000, 0x0000000100000000)
  eden space 9216K, 100% used [0x00000000d5580000,0x00000000d5e80000,0x00000000d5e80000)
  from space 512K, 93% used [0x00000000d6180000,0x00000000d61f8000,0x00000000d6200000)
  to   space 512K, 0% used [0x00000000d6200000,0x00000000d6200000,0x00000000d6280000)
 ParOldGen       total 1029120K, used 1028849K [0x0000000080000000, 0x00000000bed00000, 0x00000000d5580000)
  object space 1029120K, 99% used [0x0000000080000000,0x00000000becbc778,0x00000000bed00000)
 Metaspace       used 91624K, committed 93440K, reserved 1179648K
  class space    used 9226K, committed 10048K, reserved 1048576K
}
Event: 2233.615 GC heap after
{Heap after GC invocations=3899 (full 6):
 PSYoungGen      total 9728K, used 496K [0x00000000d5580000, 0x00000000d6280000, 0x0000000100000000)
  eden space 9216K, 0% used [0x00000000d5580000,0x00000000d5580000,0x00000000d5e80000)
  from space 512K, 96% used [0x00000000d6200000,0x00000000d627c010,0x00000000d6280000)
  to   space 1024K, 0% used [0x00000000d6080000,0x00000000d6080000,0x00000000d6180000)
 ParOldGen       total 1029120K, used 1028937K [0x0000000080000000, 0x00000000bed00000, 0x00000000d5580000)
  object space 1029120K, 99% used [0x0000000080000000,0x00000000becd2778,0x00000000bed00000)
 Metaspace       used 91624K, committed 93440K, reserved 1179648K
  class space    used 9226K, committed 10048K, reserved 1048576K
}
Event: 2234.299 GC heap before
{Heap before GC invocations=3900 (full 6):
 PSYoungGen      total 9728K, used 9712K [0x00000000d5580000, 0x00000000d6280000, 0x0000000100000000)
  eden space 9216K, 100% used [0x00000000d5580000,0x00000000d5e80000,0x00000000d5e80000)
  from space 512K, 96% used [0x00000000d6200000,0x00000000d627c010,0x00000000d6280000)
  to   space 1024K, 0% used [0x00000000d6080000,0x00000000d6080000,0x00000000d6180000)
 ParOldGen       total 1029120K, used 1028937K [0x0000000080000000, 0x00000000bed00000, 0x00000000d5580000)
  object space 1029120K, 99% used [0x0000000080000000,0x00000000becd2778,0x00000000bed00000)
 Metaspace       used 91628K, committed 93440K, reserved 1179648K
  class space    used 9226K, committed 10048K, reserved 1048576K
}
Event: 2234.308 GC heap after
{Heap after GC invocations=3900 (full 6):
 PSYoungGen      total 10240K, used 1005K [0x00000000d5580000, 0x00000000d6a80000, 0x0000000100000000)
  eden space 9216K, 0% used [0x00000000d5580000,0x00000000d5580000,0x00000000d5e80000)
  from space 1024K, 98% used [0x00000000d6080000,0x00000000d617b4e0,0x00000000d6180000)
  to   space 6144K, 0% used [0x00000000d6480000,0x00000000d6480000,0x00000000d6a80000)
 ParOldGen       total 1033216K, used 1033007K [0x0000000080000000, 0x00000000bf100000, 0x00000000d5580000)
  object space 1033216K, 99% used [0x0000000080000000,0x00000000bf0cbc08,0x00000000bf100000)
 Metaspace       used 91628K, committed 93440K, reserved 1179648K
  class space    used 9226K, committed 10048K, reserved 1048576K
}
Event: 2234.400 GC heap before
{Heap before GC invocations=3901 (full 6):
 PSYoungGen      total 10240K, used 10221K [0x00000000d5580000, 0x00000000d6a80000, 0x0000000100000000)
  eden space 9216K, 100% used [0x00000000d5580000,0x00000000d5e80000,0x00000000d5e80000)
  from space 1024K, 98% used [0x00000000d6080000,0x00000000d617b4e0,0x00000000d6180000)
  to   space 6144K, 0% used [0x00000000d6480000,0x00000000d6480000,0x00000000d6a80000)
 ParOldGen       total 1033216K, used 1033007K [0x0000000080000000, 0x00000000bf100000, 0x00000000d5580000)
  object space 1033216K, 99% used [0x0000000080000000,0x00000000bf0cbc08,0x00000000bf100000)
 Metaspace       used 91628K, committed 93440K, reserved 1179648K
  class space    used 9226K, committed 10048K, reserved 1048576K
}
Event: 2234.405 GC heap after
{Heap after GC invocations=3901 (full 6):
 PSYoungGen      total 9728K, used 224K [0x00000000d5580000, 0x00000000d6500000, 0x0000000100000000)
  eden space 9216K, 0% used [0x00000000d5580000,0x00000000d5580000,0x00000000d5e80000)
  from space 512K, 43% used [0x00000000d6480000,0x00000000d64b8000,0x00000000d6500000)
  to   space 2048K, 0% used [0x00000000d6100000,0x00000000d6100000,0x00000000d6300000)
 ParOldGen       total 1033216K, used 1033063K [0x0000000080000000, 0x00000000bf100000, 0x00000000d5580000)
  object space 1033216K, 99% used [0x0000000080000000,0x00000000bf0d9c08,0x00000000bf100000)
 Metaspace       used 91628K, committed 93440K, reserved 1179648K
  class space    used 9226K, committed 10048K, reserved 1048576K
}
Event: 2240.660 GC heap before
{Heap before GC invocations=3902 (full 6):
 PSYoungGen      total 9728K, used 9440K [0x00000000d5580000, 0x00000000d6500000, 0x0000000100000000)
  eden space 9216K, 100% used [0x00000000d5580000,0x00000000d5e80000,0x00000000d5e80000)
  from space 512K, 43% used [0x00000000d6480000,0x00000000d64b8000,0x00000000d6500000)
  to   space 2048K, 0% used [0x00000000d6100000,0x00000000d6100000,0x00000000d6300000)
 ParOldGen       total 1033216K, used 1033063K [0x0000000080000000, 0x00000000bf100000, 0x00000000d5580000)
  object space 1033216K, 99% used [0x0000000080000000,0x00000000bf0d9c08,0x00000000bf100000)
 Metaspace       used 91638K, committed 93440K, reserved 1179648K
  class space    used 9226K, committed 10048K, reserved 1048576K
}
Event: 2240.668 GC heap after
{Heap after GC invocations=3902 (full 6):
 PSYoungGen      total 11264K, used 288K [0x00000000d5580000, 0x00000000d6500000, 0x0000000100000000)
  eden space 9216K, 0% used [0x00000000d5580000,0x00000000d5580000,0x00000000d5e80000)
  from space 2048K, 14% used [0x00000000d6100000,0x00000000d6148020,0x00000000d6300000)
  to   space 1024K, 0% used [0x00000000d6400000,0x00000000d6400000,0x00000000d6500000)
 ParOldGen       total 1033216K, used 1033103K [0x0000000080000000, 0x00000000bf100000, 0x00000000d5580000)
  object space 1033216K, 99% used [0x0000000080000000,0x00000000bf0e3c08,0x00000000bf100000)
 Metaspace       used 91638K, committed 93440K, reserved 1179648K
  class space    used 9226K, committed 10048K, reserved 1048576K
}
Event: 2241.485 GC heap before
{Heap before GC invocations=3903 (full 6):
 PSYoungGen      total 11264K, used 9504K [0x00000000d5580000, 0x00000000d6500000, 0x0000000100000000)
  eden space 9216K, 100% used [0x00000000d5580000,0x00000000d5e80000,0x00000000d5e80000)
  from space 2048K, 14% used [0x00000000d6100000,0x00000000d6148020,0x00000000d6300000)
  to   space 1024K, 0% used [0x00000000d6400000,0x00000000d6400000,0x00000000d6500000)
 ParOldGen       total 1033216K, used 1033103K [0x0000000080000000, 0x00000000bf100000, 0x00000000d5580000)
  object space 1033216K, 99% used [0x0000000080000000,0x00000000bf0e3c08,0x00000000bf100000)
 Metaspace       used 91638K, committed 93440K, reserved 1179648K
  class space    used 9226K, committed 10048K, reserved 1048576K
}
Event: 2241.492 GC heap after
{Heap after GC invocations=3903 (full 6):
 PSYoungGen      total 9728K, used 256K [0x00000000d5580000, 0x00000000d6480000, 0x0000000100000000)
  eden space 9216K, 0% used [0x00000000d5580000,0x00000000d5580000,0x00000000d5e80000)
  from space 512K, 50% used [0x00000000d6400000,0x00000000d6440000,0x00000000d6480000)
  to   space 512K, 0% used [0x00000000d6380000,0x00000000d6380000,0x00000000d6400000)
 ParOldGen       total 1033728K, used 1033231K [0x0000000080000000, 0x00000000bf180000, 0x00000000d5580000)
  object space 1033728K, 99% used [0x0000000080000000,0x00000000bf103c28,0x00000000bf180000)
 Metaspace       used 91638K, committed 93440K, reserved 1179648K
  class space    used 9226K, committed 10048K, reserved 1048576K
}
Event: 2242.464 GC heap before
{Heap before GC invocations=3904 (full 6):
 PSYoungGen      total 9728K, used 9393K [0x00000000d5580000, 0x00000000d6480000, 0x0000000100000000)
  eden space 9216K, 99% used [0x00000000d5580000,0x00000000d5e6c500,0x00000000d5e80000)
  from space 512K, 50% used [0x00000000d6400000,0x00000000d6440000,0x00000000d6480000)
  to   space 512K, 0% used [0x00000000d6380000,0x00000000d6380000,0x00000000d6400000)
 ParOldGen       total 1033728K, used 1033231K [0x0000000080000000, 0x00000000bf180000, 0x00000000d5580000)
  object space 1033728K, 99% used [0x0000000080000000,0x00000000bf103c28,0x00000000bf180000)
 Metaspace       used 91640K, committed 93440K, reserved 1179648K
  class space    used 9226K, committed 10048K, reserved 1048576K
}
Event: 2242.471 GC heap after
{Heap after GC invocations=3904 (full 6):
 PSYoungGen      total 9728K, used 512K [0x00000000d5580000, 0x00000000d6480000, 0x0000000100000000)
  eden space 9216K, 0% used [0x00000000d5580000,0x00000000d5580000,0x00000000d5e80000)
  from space 512K, 100% used [0x00000000d6380000,0x00000000d6400000,0x00000000d6400000)
  to   space 512K, 0% used [0x00000000d6400000,0x00000000d6400000,0x00000000d6480000)
 ParOldGen       total 1033728K, used 1033295K [0x0000000080000000, 0x00000000bf180000, 0x00000000d5580000)
  object space 1033728K, 99% used [0x0000000080000000,0x00000000bf113c28,0x00000000bf180000)
 Metaspace       used 91640K, committed 93440K, reserved 1179648K
  class space    used 9226K, committed 10048K, reserved 1048576K
}
Event: 2242.519 GC heap before
{Heap before GC invocations=3905 (full 6):
 PSYoungGen      total 9728K, used 9728K [0x00000000d5580000, 0x00000000d6480000, 0x0000000100000000)
  eden space 9216K, 100% used [0x00000000d5580000,0x00000000d5e80000,0x00000000d5e80000)
  from space 512K, 100% used [0x00000000d6380000,0x00000000d6400000,0x00000000d6400000)
  to   space 512K, 0% used [0x00000000d6400000,0x00000000d6400000,0x00000000d6480000)
 ParOldGen       total 1033728K, used 1033295K [0x0000000080000000, 0x00000000bf180000, 0x00000000d5580000)
  object space 1033728K, 99% used [0x0000000080000000,0x00000000bf113c28,0x00000000bf180000)
 Metaspace       used 91640K, committed 93440K, reserved 1179648K
  class space    used 9226K, committed 10048K, reserved 1048576K
}
Event: 2242.526 GC heap after
{Heap after GC invocations=3905 (full 6):
 PSYoungGen      total 9728K, used 474K [0x00000000d5580000, 0x00000000d6480000, 0x0000000100000000)
  eden space 9216K, 0% used [0x00000000d5580000,0x00000000d5580000,0x00000000d5e80000)
  from space 512K, 92% used [0x00000000d6400000,0x00000000d6476910,0x00000000d6480000)
  to   space 512K, 0% used [0x00000000d6380000,0x00000000d6380000,0x00000000d6400000)
 ParOldGen       total 1034240K, used 1033772K [0x0000000080000000, 0x00000000bf200000, 0x00000000d5580000)
  object space 1034240K, 99% used [0x0000000080000000,0x00000000bf18b0c8,0x00000000bf200000)
 Metaspace       used 91640K, committed 93440K, reserved 1179648K
  class space    used 9226K, committed 10048K, reserved 1048576K
}
Event: 2242.994 GC heap before
{Heap before GC invocations=3906 (full 6):
 PSYoungGen      total 9728K, used 9690K [0x00000000d5580000, 0x00000000d6480000, 0x0000000100000000)
  eden space 9216K, 100% used [0x00000000d5580000,0x00000000d5e80000,0x00000000d5e80000)
  from space 512K, 92% used [0x00000000d6400000,0x00000000d6476910,0x00000000d6480000)
  to   space 512K, 0% used [0x00000000d6380000,0x00000000d6380000,0x00000000d6400000)
 ParOldGen       total 1034240K, used 1033772K [0x0000000080000000, 0x00000000bf200000, 0x00000000d5580000)
  object space 1034240K, 99% used [0x0000000080000000,0x00000000bf18b0c8,0x00000000bf200000)
 Metaspace       used 91640K, committed 93440K, reserved 1179648K
  class space    used 9226K, committed 10048K, reserved 1048576K
}
Event: 2243.008 GC heap after
{Heap after GC invocations=3906 (full 6):
 PSYoungGen      total 9728K, used 488K [0x00000000d5580000, 0x00000000d6980000, 0x0000000100000000)
  eden space 9216K, 0% used [0x00000000d5580000,0x00000000d5580000,0x00000000d5e80000)
  from space 512K, 95% used [0x00000000d6380000,0x00000000d63fa000,0x00000000d6400000)
  to   space 5632K, 0% used [0x00000000d6400000,0x00000000d6400000,0x00000000d6980000)
 ParOldGen       total 1038336K, used 1037982K [0x0000000080000000, 0x00000000bf600000, 0x00000000d5580000)
  object space 1038336K, 99% used [0x0000000080000000,0x00000000bf5a79d8,0x00000000bf600000)
 Metaspace       used 91640K, committed 93440K, reserved 1179648K
  class space    used 9226K, committed 10048K, reserved 1048576K
}
Event: 2373.025 GC heap before
{Heap before GC invocations=3907 (full 6):
 PSYoungGen      total 9728K, used 9703K [0x00000000d5580000, 0x00000000d6980000, 0x0000000100000000)
  eden space 9216K, 99% used [0x00000000d5580000,0x00000000d5e7fff8,0x00000000d5e80000)
  from space 512K, 95% used [0x00000000d6380000,0x00000000d63fa000,0x00000000d6400000)
  to   space 5632K, 0% used [0x00000000d6400000,0x00000000d6400000,0x00000000d6980000)
 ParOldGen       total 1038336K, used 1037982K [0x0000000080000000, 0x00000000bf600000, 0x00000000d5580000)
  object space 1038336K, 99% used [0x0000000080000000,0x00000000bf5a79d8,0x00000000bf600000)
 Metaspace       used 91670K, committed 93504K, reserved 1179648K
  class space    used 9227K, committed 10048K, reserved 1048576K
}
Event: 2373.033 GC heap after
{Heap after GC invocations=3907 (full 6):
 PSYoungGen      total 9728K, used 256K [0x00000000d5580000, 0x00000000d6480000, 0x0000000100000000)
  eden space 9216K, 0% used [0x00000000d5580000,0x00000000d5580000,0x00000000d5e80000)
  from space 512K, 50% used [0x00000000d6400000,0x00000000d6440000,0x00000000d6480000)
  to   space 2048K, 0% used [0x00000000d6080000,0x00000000d6080000,0x00000000d6280000)
 ParOldGen       total 1038848K, used 1038342K [0x0000000080000000, 0x00000000bf680000, 0x00000000d5580000)
  object space 1038848K, 99% used [0x0000000080000000,0x00000000bf6019d8,0x00000000bf680000)
 Metaspace       used 91670K, committed 93504K, reserved 1179648K
  class space    used 9227K, committed 10048K, reserved 1048576K
}
Event: 2667.863 GC heap before
{Heap before GC invocations=3908 (full 6):
 PSYoungGen      total 9728K, used 9472K [0x00000000d5580000, 0x00000000d6480000, 0x0000000100000000)
  eden space 9216K, 100% used [0x00000000d5580000,0x00000000d5e80000,0x00000000d5e80000)
  from space 512K, 50% used [0x00000000d6400000,0x00000000d6440000,0x00000000d6480000)
  to   space 2048K, 0% used [0x00000000d6080000,0x00000000d6080000,0x00000000d6280000)
 ParOldGen       total 1038848K, used 1038342K [0x0000000080000000, 0x00000000bf680000, 0x00000000d5580000)
  object space 1038848K, 99% used [0x0000000080000000,0x00000000bf6019d8,0x00000000bf680000)
 Metaspace       used 91675K, committed 93504K, reserved 1179648K
  class space    used 9227K, committed 10048K, reserved 1048576K
}
Event: 2667.872 GC heap after
{Heap after GC invocations=3908 (full 6):
 PSYoungGen      total 11264K, used 128K [0x00000000d5580000, 0x00000000d6480000, 0x0000000100000000)
  eden space 9216K, 0% used [0x00000000d5580000,0x00000000d5580000,0x00000000d5e80000)
  from space 2048K, 6% used [0x00000000d6080000,0x00000000d60a0000,0x00000000d6280000)
  to   space 512K, 0% used [0x00000000d6400000,0x00000000d6400000,0x00000000d6480000)
 ParOldGen       total 1038848K, used 1038406K [0x0000000080000000, 0x00000000bf680000, 0x00000000d5580000)
  object space 1038848K, 99% used [0x0000000080000000,0x00000000bf6119e8,0x00000000bf680000)
 Metaspace       used 91675K, committed 93504K, reserved 1179648K
  class space    used 9227K, committed 10048K, reserved 1048576K
}

